<?xml version="1.0" encoding="UTF-8"?>
<!-- Generated by org.testng.reporters.JUnitReportReporter -->
<testsuite hostname="VIVEK-PC" name="com.online.sarees.tests.ChangePasswordTest" tests="1" failures="0" timestamp="11 May 2013 12:27:32 GMT" time="53.724" errors="0">
  <testcase name="changePassword" time="53.724" classname="com.online.sarees.tests.ChangePasswordTest"/>
</testsuite> <!-- com.online.sarees.tests.ChangePasswordTest -->
